=== N=1 trial=1 22:16:09 ===

=== Exploration benchmark: 1 robot(s) ===
  Running for up to 180s...
  Collected 234 samples
  Objects: 2/5
  Coverage: 73.7%
  Elapsed: 234s
  Final state: exploring

CSV saved: /tmp/g10_t1_n1_v3/explore_benchmark.csv
Plot saved: /tmp/g10_t1_n1_v3/explore_benchmark.png

Exploration benchmark complete.
=== N=2 trial=1 22:20:50 ===

=== Exploration benchmark: 2 robot(s) ===
  Running for up to 180s...
  Timeout reached
  Collected 181 samples
  Objects: 5/5
  Coverage: 81.8%
  Elapsed: 181s
  Final state: returning

CSV saved: /tmp/g10_t1_n2_v3/explore_benchmark.csv
Plot saved: /tmp/g10_t1_n2_v3/explore_benchmark.png

Exploration benchmark complete.
